<?xml version="1.0" encoding="UTF-8"?>
<!-- Generated by org.testng.reporters.JUnitReportReporter -->
<testsuite hostname="kaku0916" failures="0" tests="3" name="testngseession.OpenCartTest" time="0.010" errors="0" timestamp="2024-04-06T22:17:35 IST" skipped="0">
  <testcase classname="testngseession.OpenCartTest" name="headerTest" time="0.006"/>
  <testcase classname="testngseession.OpenCartTest" name="titleTest" time="0.002"/>
  <testcase classname="testngseession.OpenCartTest" name="urlTest" time="0.002"/>
</testsuite> <!-- testngseession.OpenCartTest -->
